2023/10/25 23:08:40 [notice] 1#1: using the "epoll" event method
2023/10/25 23:08:40 [notice] 1#1: nginx/1.25.2
2023/10/25 23:08:40 [notice] 1#1: built by gcc 12.2.0 (Debian 12.2.0-14) 
2023/10/25 23:08:40 [notice] 1#1: OS: Linux 5.15.90.1-microsoft-standard-WSL2
2023/10/25 23:08:40 [notice] 1#1: getrlimit(RLIMIT_NOFILE): 1048576:1048576
2023/10/25 23:08:40 [notice] 1#1: start worker processes
2023/10/25 23:08:40 [notice] 1#1: start worker process 34
2023/10/25 23:08:40 [notice] 1#1: start worker process 35
2023/10/25 23:08:40 [notice] 1#1: start worker process 36
2023/10/25 23:08:40 [notice] 1#1: start worker process 37
2023/10/25 23:08:40 [notice] 1#1: start worker process 38
2023/10/25 23:08:40 [notice] 1#1: start worker process 39
2023/10/25 23:08:40 [notice] 1#1: start worker process 40
2023/10/25 23:08:40 [notice] 1#1: start worker process 41
2023/10/25 23:08:45 [notice] 1#1: signal 3 (SIGQUIT) received, shutting down
2023/10/25 23:08:45 [notice] 34#34: gracefully shutting down
2023/10/25 23:08:45 [notice] 35#35: gracefully shutting down
2023/10/25 23:08:45 [notice] 36#36: gracefully shutting down
2023/10/25 23:08:45 [notice] 36#36: exiting
2023/10/25 23:08:45 [notice] 37#37: gracefully shutting down
2023/10/25 23:08:45 [notice] 37#37: exiting
2023/10/25 23:08:45 [notice] 38#38: gracefully shutting down
2023/10/25 23:08:45 [notice] 40#40: gracefully shutting down
2023/10/25 23:08:45 [notice] 39#39: gracefully shutting down
2023/10/25 23:08:45 [notice] 39#39: exiting
2023/10/25 23:08:45 [notice] 41#41: gracefully shutting down
2023/10/25 23:08:45 [notice] 41#41: exiting
2023/10/25 23:08:45 [notice] 34#34: exiting
2023/10/25 23:08:45 [notice] 35#35: exiting
2023/10/25 23:08:45 [notice] 35#35: exit
2023/10/25 23:08:45 [notice] 36#36: exit
2023/10/25 23:08:45 [notice] 37#37: exit
2023/10/25 23:08:45 [notice] 38#38: exiting
2023/10/25 23:08:45 [notice] 40#40: exiting
2023/10/25 23:08:45 [notice] 39#39: exit
2023/10/25 23:08:45 [notice] 41#41: exit
2023/10/25 23:08:45 [notice] 34#34: exit
2023/10/25 23:08:45 [notice] 38#38: exit
2023/10/25 23:08:45 [notice] 40#40: exit
2023/10/25 23:08:45 [notice] 1#1: signal 17 (SIGCHLD) received from 36
2023/10/25 23:08:45 [notice] 1#1: worker process 36 exited with code 0
2023/10/25 23:08:45 [notice] 1#1: signal 29 (SIGIO) received
2023/10/25 23:08:45 [notice] 1#1: signal 17 (SIGCHLD) received from 34
2023/10/25 23:08:45 [notice] 1#1: worker process 34 exited with code 0
2023/10/25 23:08:45 [notice] 1#1: worker process 37 exited with code 0
2023/10/25 23:08:45 [notice] 1#1: worker process 40 exited with code 0
2023/10/25 23:08:45 [notice] 1#1: signal 29 (SIGIO) received
2023/10/25 23:08:45 [notice] 1#1: signal 17 (SIGCHLD) received from 37
2023/10/25 23:08:45 [notice] 1#1: signal 17 (SIGCHLD) received from 41
2023/10/25 23:08:45 [notice] 1#1: worker process 35 exited with code 0
2023/10/25 23:08:45 [notice] 1#1: worker process 41 exited with code 0
2023/10/25 23:08:45 [notice] 1#1: signal 29 (SIGIO) received
2023/10/25 23:08:45 [notice] 1#1: signal 17 (SIGCHLD) received from 35
2023/10/25 23:08:45 [notice] 1#1: signal 17 (SIGCHLD) received from 39
2023/10/25 23:08:45 [notice] 1#1: worker process 39 exited with code 0
2023/10/25 23:08:45 [notice] 1#1: signal 29 (SIGIO) received
2023/10/25 23:08:45 [notice] 1#1: signal 17 (SIGCHLD) received from 38
2023/10/25 23:08:45 [notice] 1#1: worker process 38 exited with code 0
2023/10/25 23:08:45 [notice] 1#1: exit
2023/10/25 23:09:14 [notice] 1#1: using the "epoll" event method
2023/10/25 23:09:14 [notice] 1#1: nginx/1.25.2
2023/10/25 23:09:14 [notice] 1#1: built by gcc 12.2.0 (Debian 12.2.0-14) 
2023/10/25 23:09:14 [notice] 1#1: OS: Linux 5.15.90.1-microsoft-standard-WSL2
2023/10/25 23:09:14 [notice] 1#1: getrlimit(RLIMIT_NOFILE): 1048576:1048576
2023/10/25 23:09:14 [notice] 1#1: start worker processes
2023/10/25 23:09:14 [notice] 1#1: start worker process 35
2023/10/25 23:09:14 [notice] 1#1: start worker process 36
2023/10/25 23:09:14 [notice] 1#1: start worker process 37
2023/10/25 23:09:14 [notice] 1#1: start worker process 38
2023/10/25 23:09:14 [notice] 1#1: start worker process 39
2023/10/25 23:09:14 [notice] 1#1: start worker process 40
2023/10/25 23:09:14 [notice] 1#1: start worker process 41
2023/10/25 23:09:14 [notice] 1#1: start worker process 42
2023/10/25 23:11:35 [notice] 1#1: signal 3 (SIGQUIT) received, shutting down
2023/10/25 23:11:35 [notice] 35#35: gracefully shutting down
2023/10/25 23:11:35 [notice] 36#36: gracefully shutting down
2023/10/25 23:11:35 [notice] 36#36: exiting
2023/10/25 23:11:35 [notice] 38#38: gracefully shutting down
2023/10/25 23:11:35 [notice] 37#37: gracefully shutting down
2023/10/25 23:11:35 [notice] 39#39: gracefully shutting down
2023/10/25 23:11:35 [notice] 40#40: gracefully shutting down
2023/10/25 23:11:35 [notice] 40#40: exiting
2023/10/25 23:11:35 [notice] 41#41: gracefully shutting down
2023/10/25 23:11:35 [notice] 42#42: gracefully shutting down
2023/10/25 23:11:35 [notice] 35#35: exiting
2023/10/25 23:11:35 [notice] 36#36: exit
2023/10/25 23:11:35 [notice] 38#38: exiting
2023/10/25 23:11:35 [notice] 37#37: exiting
2023/10/25 23:11:35 [notice] 39#39: exiting
2023/10/25 23:11:35 [notice] 40#40: exit
2023/10/25 23:11:35 [notice] 41#41: exiting
2023/10/25 23:11:35 [notice] 42#42: exiting
2023/10/25 23:11:35 [notice] 35#35: exit
2023/10/25 23:11:35 [notice] 38#38: exit
2023/10/25 23:11:35 [notice] 37#37: exit
2023/10/25 23:11:35 [notice] 39#39: exit
2023/10/25 23:11:35 [notice] 41#41: exit
2023/10/25 23:11:35 [notice] 42#42: exit
2023/10/25 23:11:35 [notice] 1#1: signal 17 (SIGCHLD) received from 40
2023/10/25 23:11:35 [notice] 1#1: worker process 40 exited with code 0
2023/10/25 23:11:35 [notice] 1#1: signal 29 (SIGIO) received
2023/10/25 23:11:35 [notice] 1#1: signal 17 (SIGCHLD) received from 37
2023/10/25 23:11:35 [notice] 1#1: worker process 35 exited with code 0
2023/10/25 23:11:35 [notice] 1#1: worker process 36 exited with code 0
2023/10/25 23:11:35 [notice] 1#1: worker process 37 exited with code 0
2023/10/25 23:11:35 [notice] 1#1: worker process 41 exited with code 0
2023/10/25 23:11:35 [notice] 1#1: worker process 42 exited with code 0
2023/10/25 23:11:35 [notice] 1#1: signal 29 (SIGIO) received
2023/10/25 23:11:35 [notice] 1#1: signal 17 (SIGCHLD) received from 36
2023/10/25 23:11:35 [notice] 1#1: signal 17 (SIGCHLD) received from 39
2023/10/25 23:11:35 [notice] 1#1: worker process 39 exited with code 0
2023/10/25 23:11:35 [notice] 1#1: signal 29 (SIGIO) received
2023/10/25 23:11:35 [notice] 1#1: signal 17 (SIGCHLD) received from 38
2023/10/25 23:11:35 [notice] 1#1: worker process 38 exited with code 0
2023/10/25 23:11:35 [notice] 1#1: exit
2023/10/30 11:42:47 [notice] 1#1: using the "epoll" event method
2023/10/30 11:42:47 [notice] 1#1: nginx/1.25.2
2023/10/30 11:42:47 [notice] 1#1: built by gcc 12.2.0 (Debian 12.2.0-14) 
2023/10/30 11:42:47 [notice] 1#1: OS: Linux 5.15.90.1-microsoft-standard-WSL2
2023/10/30 11:42:47 [notice] 1#1: getrlimit(RLIMIT_NOFILE): 1048576:1048576
2023/10/30 11:42:47 [notice] 1#1: start worker processes
2023/10/30 11:42:47 [notice] 1#1: start worker process 35
2023/10/30 11:42:47 [notice] 1#1: start worker process 36
2023/10/30 11:42:47 [notice] 1#1: start worker process 37
2023/10/30 11:42:47 [notice] 1#1: start worker process 38
2023/10/30 11:42:47 [notice] 1#1: start worker process 39
2023/10/30 11:42:47 [notice] 1#1: start worker process 40
2023/10/30 11:42:47 [notice] 1#1: start worker process 41
2023/10/30 11:42:47 [notice] 1#1: start worker process 42
2023/10/30 12:19:38 [notice] 1#1: signal 3 (SIGQUIT) received, shutting down
2023/10/30 12:19:38 [notice] 36#36: gracefully shutting down
2023/10/30 12:19:38 [notice] 37#37: gracefully shutting down
2023/10/30 12:19:38 [notice] 35#35: gracefully shutting down
2023/10/30 12:19:38 [notice] 38#38: gracefully shutting down
2023/10/30 12:19:38 [notice] 38#38: exiting
2023/10/30 12:19:38 [notice] 39#39: gracefully shutting down
2023/10/30 12:19:38 [notice] 40#40: gracefully shutting down
2023/10/30 12:19:38 [notice] 41#41: gracefully shutting down
2023/10/30 12:19:38 [notice] 42#42: gracefully shutting down
2023/10/30 12:19:38 [notice] 36#36: exiting
2023/10/30 12:19:38 [notice] 37#37: exiting
2023/10/30 12:19:38 [notice] 35#35: exiting
2023/10/30 12:19:38 [notice] 38#38: exit
2023/10/30 12:19:38 [notice] 39#39: exiting
2023/10/30 12:19:38 [notice] 40#40: exiting
2023/10/30 12:19:38 [notice] 41#41: exiting
2023/10/30 12:19:38 [notice] 42#42: exiting
2023/10/30 12:19:38 [notice] 36#36: exit
2023/10/30 12:19:38 [notice] 37#37: exit
2023/10/30 12:19:38 [notice] 35#35: exit
2023/10/30 12:19:38 [notice] 39#39: exit
2023/10/30 12:19:38 [notice] 40#40: exit
2023/10/30 12:19:38 [notice] 41#41: exit
2023/10/30 12:19:38 [notice] 42#42: exit
2023/10/30 12:19:38 [notice] 1#1: signal 17 (SIGCHLD) received from 40
2023/10/30 12:19:38 [notice] 1#1: worker process 36 exited with code 0
2023/10/30 12:19:38 [notice] 1#1: worker process 39 exited with code 0
2023/10/30 12:19:38 [notice] 1#1: worker process 40 exited with code 0
2023/10/30 12:19:38 [notice] 1#1: signal 29 (SIGIO) received
2023/10/30 12:19:38 [notice] 1#1: signal 17 (SIGCHLD) received from 41
2023/10/30 12:19:38 [notice] 1#1: worker process 41 exited with code 0
2023/10/30 12:19:38 [notice] 1#1: signal 29 (SIGIO) received
2023/10/30 12:19:38 [notice] 1#1: signal 17 (SIGCHLD) received from 35
2023/10/30 12:19:38 [notice] 1#1: worker process 35 exited with code 0
2023/10/30 12:19:38 [notice] 1#1: worker process 37 exited with code 0
2023/10/30 12:19:38 [notice] 1#1: worker process 38 exited with code 0
2023/10/30 12:19:38 [notice] 1#1: worker process 42 exited with code 0
2023/10/30 12:19:38 [notice] 1#1: exit
2023/10/30 13:01:11 [notice] 1#1: using the "epoll" event method
2023/10/30 13:01:11 [notice] 1#1: nginx/1.25.2
2023/10/30 13:01:11 [notice] 1#1: built by gcc 12.2.0 (Debian 12.2.0-14) 
2023/10/30 13:01:11 [notice] 1#1: OS: Linux 5.15.90.1-microsoft-standard-WSL2
2023/10/30 13:01:11 [notice] 1#1: getrlimit(RLIMIT_NOFILE): 1048576:1048576
2023/10/30 13:01:11 [notice] 1#1: start worker processes
2023/10/30 13:01:11 [notice] 1#1: start worker process 34
2023/10/30 13:01:11 [notice] 1#1: start worker process 35
2023/10/30 13:01:11 [notice] 1#1: start worker process 36
2023/10/30 13:01:11 [notice] 1#1: start worker process 37
2023/10/30 13:01:11 [notice] 1#1: start worker process 38
2023/10/30 13:01:11 [notice] 1#1: start worker process 39
2023/10/30 13:01:11 [notice] 1#1: start worker process 40
2023/10/30 13:01:11 [notice] 1#1: start worker process 41
2023/10/30 13:07:53 [notice] 1#1: signal 3 (SIGQUIT) received, shutting down
2023/10/30 13:07:53 [notice] 34#34: gracefully shutting down
2023/10/30 13:07:53 [notice] 35#35: gracefully shutting down
2023/10/30 13:07:53 [notice] 36#36: gracefully shutting down
2023/10/30 13:07:53 [notice] 40#40: gracefully shutting down
2023/10/30 13:07:53 [notice] 38#38: gracefully shutting down
2023/10/30 13:07:53 [notice] 38#38: exiting
2023/10/30 13:07:53 [notice] 41#41: gracefully shutting down
2023/10/30 13:07:53 [notice] 41#41: exiting
2023/10/30 13:07:53 [notice] 37#37: gracefully shutting down
2023/10/30 13:07:53 [notice] 37#37: exiting
2023/10/30 13:07:53 [notice] 39#39: gracefully shutting down
2023/10/30 13:07:53 [notice] 34#34: exiting
2023/10/30 13:07:53 [notice] 35#35: exiting
2023/10/30 13:07:53 [notice] 36#36: exiting
2023/10/30 13:07:53 [notice] 40#40: exiting
2023/10/30 13:07:53 [notice] 38#38: exit
2023/10/30 13:07:53 [notice] 41#41: exit
2023/10/30 13:07:53 [notice] 37#37: exit
2023/10/30 13:07:53 [notice] 39#39: exiting
2023/10/30 13:07:53 [notice] 34#34: exit
2023/10/30 13:07:53 [notice] 35#35: exit
2023/10/30 13:07:53 [notice] 36#36: exit
2023/10/30 13:07:53 [notice] 40#40: exit
2023/10/30 13:07:53 [notice] 39#39: exit
2023/10/30 13:07:53 [notice] 1#1: signal 17 (SIGCHLD) received from 38
2023/10/30 13:07:53 [notice] 1#1: worker process 38 exited with code 0
2023/10/30 13:07:53 [notice] 1#1: signal 29 (SIGIO) received
2023/10/30 13:07:53 [notice] 1#1: signal 17 (SIGCHLD) received from 40
2023/10/30 13:07:53 [notice] 1#1: worker process 40 exited with code 0
2023/10/30 13:07:53 [notice] 1#1: signal 29 (SIGIO) received
2023/10/30 13:07:53 [notice] 1#1: signal 17 (SIGCHLD) received from 39
2023/10/30 13:07:53 [notice] 1#1: worker process 34 exited with code 0
2023/10/30 13:07:53 [notice] 1#1: worker process 36 exited with code 0
2023/10/30 13:07:53 [notice] 1#1: worker process 37 exited with code 0
2023/10/30 13:07:53 [notice] 1#1: worker process 39 exited with code 0
2023/10/30 13:07:53 [notice] 1#1: worker process 41 exited with code 0
2023/10/30 13:07:53 [notice] 1#1: signal 29 (SIGIO) received
2023/10/30 13:07:53 [notice] 1#1: signal 17 (SIGCHLD) received from 37
2023/10/30 13:07:53 [notice] 1#1: signal 17 (SIGCHLD) received from 35
2023/10/30 13:07:53 [notice] 1#1: worker process 35 exited with code 0
2023/10/30 13:07:53 [notice] 1#1: exit
2023/10/30 13:08:15 [notice] 1#1: using the "epoll" event method
2023/10/30 13:08:15 [notice] 1#1: nginx/1.25.2
2023/10/30 13:08:15 [notice] 1#1: built by gcc 12.2.0 (Debian 12.2.0-14) 
2023/10/30 13:08:15 [notice] 1#1: OS: Linux 5.15.90.1-microsoft-standard-WSL2
2023/10/30 13:08:15 [notice] 1#1: getrlimit(RLIMIT_NOFILE): 1048576:1048576
2023/10/30 13:08:15 [notice] 1#1: start worker processes
2023/10/30 13:08:15 [notice] 1#1: start worker process 34
2023/10/30 13:08:15 [notice] 1#1: start worker process 35
2023/10/30 13:08:15 [notice] 1#1: start worker process 36
2023/10/30 13:08:15 [notice] 1#1: start worker process 37
2023/10/30 13:08:15 [notice] 1#1: start worker process 38
2023/10/30 13:08:15 [notice] 1#1: start worker process 39
2023/10/30 13:08:15 [notice] 1#1: start worker process 40
2023/10/30 13:08:15 [notice] 1#1: start worker process 41
2023/10/30 13:11:05 [notice] 1#1: signal 3 (SIGQUIT) received, shutting down
2023/10/30 13:11:05 [notice] 34#34: gracefully shutting down
2023/10/30 13:11:05 [notice] 35#35: gracefully shutting down
2023/10/30 13:11:05 [notice] 36#36: gracefully shutting down
2023/10/30 13:11:05 [notice] 40#40: gracefully shutting down
2023/10/30 13:11:05 [notice] 37#37: gracefully shutting down
2023/10/30 13:11:05 [notice] 39#39: gracefully shutting down
2023/10/30 13:11:05 [notice] 38#38: gracefully shutting down
2023/10/30 13:11:05 [notice] 41#41: gracefully shutting down
2023/10/30 13:11:05 [notice] 34#34: exiting
2023/10/30 13:11:05 [notice] 35#35: exiting
2023/10/30 13:11:05 [notice] 36#36: exiting
2023/10/30 13:11:05 [notice] 40#40: exiting
2023/10/30 13:11:05 [notice] 37#37: exiting
2023/10/30 13:11:05 [notice] 39#39: exiting
2023/10/30 13:11:05 [notice] 38#38: exiting
2023/10/30 13:11:05 [notice] 41#41: exiting
2023/10/30 13:11:05 [notice] 34#34: exit
2023/10/30 13:11:05 [notice] 35#35: exit
2023/10/30 13:11:05 [notice] 36#36: exit
2023/10/30 13:11:05 [notice] 40#40: exit
2023/10/30 13:11:05 [notice] 37#37: exit
2023/10/30 13:11:05 [notice] 39#39: exit
2023/10/30 13:11:05 [notice] 38#38: exit
2023/10/30 13:11:05 [notice] 41#41: exit
2023/10/30 13:11:05 [notice] 1#1: signal 17 (SIGCHLD) received from 35
2023/10/30 13:11:05 [notice] 1#1: worker process 34 exited with code 0
2023/10/30 13:11:05 [notice] 1#1: worker process 35 exited with code 0
2023/10/30 13:11:05 [notice] 1#1: worker process 37 exited with code 0
2023/10/30 13:11:05 [notice] 1#1: worker process 38 exited with code 0
2023/10/30 13:11:05 [notice] 1#1: worker process 40 exited with code 0
2023/10/30 13:11:05 [notice] 1#1: worker process 41 exited with code 0
2023/10/30 13:11:05 [notice] 1#1: signal 29 (SIGIO) received
2023/10/30 13:11:05 [notice] 1#1: signal 17 (SIGCHLD) received from 39
2023/10/30 13:11:05 [notice] 1#1: worker process 36 exited with code 0
2023/10/30 13:11:05 [notice] 1#1: worker process 39 exited with code 0
2023/10/30 13:11:05 [notice] 1#1: exit
2023/10/30 13:54:01 [notice] 1#1: using the "epoll" event method
2023/10/30 13:54:01 [notice] 1#1: nginx/1.25.2
2023/10/30 13:54:01 [notice] 1#1: built by gcc 12.2.0 (Debian 12.2.0-14) 
2023/10/30 13:54:01 [notice] 1#1: OS: Linux 5.15.90.1-microsoft-standard-WSL2
2023/10/30 13:54:01 [notice] 1#1: getrlimit(RLIMIT_NOFILE): 1048576:1048576
2023/10/30 13:54:01 [notice] 1#1: start worker processes
2023/10/30 13:54:01 [notice] 1#1: start worker process 34
2023/10/30 13:54:01 [notice] 1#1: start worker process 35
2023/10/30 13:54:01 [notice] 1#1: start worker process 36
2023/10/30 13:54:01 [notice] 1#1: start worker process 37
2023/10/30 13:54:01 [notice] 1#1: start worker process 38
2023/10/30 13:54:01 [notice] 1#1: start worker process 39
2023/10/30 13:54:01 [notice] 1#1: start worker process 40
2023/10/30 13:54:01 [notice] 1#1: start worker process 41
2023/10/30 13:58:23 [notice] 1#1: signal 3 (SIGQUIT) received, shutting down
2023/10/30 13:58:23 [notice] 34#34: gracefully shutting down
2023/10/30 13:58:23 [notice] 34#34: exiting
2023/10/30 13:58:23 [notice] 36#36: gracefully shutting down
2023/10/30 13:58:23 [notice] 37#37: gracefully shutting down
2023/10/30 13:58:23 [notice] 39#39: gracefully shutting down
2023/10/30 13:58:23 [notice] 38#38: gracefully shutting down
2023/10/30 13:58:23 [notice] 38#38: exiting
2023/10/30 13:58:23 [notice] 40#40: gracefully shutting down
2023/10/30 13:58:23 [notice] 41#41: gracefully shutting down
2023/10/30 13:58:23 [notice] 41#41: exiting
2023/10/30 13:58:23 [notice] 35#35: gracefully shutting down
2023/10/30 13:58:23 [notice] 34#34: exit
2023/10/30 13:58:23 [notice] 36#36: exiting
2023/10/30 13:58:23 [notice] 37#37: exiting
2023/10/30 13:58:23 [notice] 39#39: exiting
2023/10/30 13:58:23 [notice] 38#38: exit
2023/10/30 13:58:23 [notice] 40#40: exiting
2023/10/30 13:58:23 [notice] 41#41: exit
2023/10/30 13:58:23 [notice] 35#35: exiting
2023/10/30 13:58:23 [notice] 36#36: exit
2023/10/30 13:58:23 [notice] 37#37: exit
2023/10/30 13:58:23 [notice] 39#39: exit
2023/10/30 13:58:23 [notice] 40#40: exit
2023/10/30 13:58:23 [notice] 35#35: exit
2023/10/30 13:58:23 [notice] 1#1: signal 17 (SIGCHLD) received from 37
2023/10/30 13:58:23 [notice] 1#1: worker process 36 exited with code 0
2023/10/30 13:58:23 [notice] 1#1: worker process 37 exited with code 0
2023/10/30 13:58:23 [notice] 1#1: signal 29 (SIGIO) received
2023/10/30 13:58:23 [notice] 1#1: signal 17 (SIGCHLD) received from 38
2023/10/30 13:58:23 [notice] 1#1: worker process 34 exited with code 0
2023/10/30 13:58:23 [notice] 1#1: worker process 35 exited with code 0
2023/10/30 13:58:23 [notice] 1#1: worker process 38 exited with code 0
2023/10/30 13:58:23 [notice] 1#1: worker process 39 exited with code 0
2023/10/30 13:58:23 [notice] 1#1: worker process 40 exited with code 0
2023/10/30 13:58:23 [notice] 1#1: worker process 41 exited with code 0
2023/10/30 13:58:23 [notice] 1#1: exit
2023/10/30 21:45:48 [notice] 1#1: using the "epoll" event method
2023/10/30 21:45:48 [notice] 1#1: nginx/1.25.2
2023/10/30 21:45:48 [notice] 1#1: built by gcc 12.2.0 (Debian 12.2.0-14) 
2023/10/30 21:45:48 [notice] 1#1: OS: Linux 5.15.90.1-microsoft-standard-WSL2
2023/10/30 21:45:48 [notice] 1#1: getrlimit(RLIMIT_NOFILE): 1048576:1048576
2023/10/30 21:45:48 [notice] 1#1: start worker processes
2023/10/30 21:45:48 [notice] 1#1: start worker process 34
2023/10/30 21:45:48 [notice] 1#1: start worker process 35
2023/10/30 21:45:48 [notice] 1#1: start worker process 36
2023/10/30 21:45:48 [notice] 1#1: start worker process 37
2023/10/30 21:45:48 [notice] 1#1: start worker process 38
2023/10/30 21:45:48 [notice] 1#1: start worker process 39
2023/10/30 21:45:48 [notice] 1#1: start worker process 40
2023/10/30 21:45:48 [notice] 1#1: start worker process 41
2023/10/30 21:47:20 [error] 34#34: *1 open() "/usr/share/nginx/html/files" failed (2: No such file or directory), client: 172.25.0.1, server: _, request: "GET /files HTTP/1.1", host: "localhost"
2023/10/30 21:48:09 [error] 35#35: *2 open() "/usr/share/nginx/html/files" failed (2: No such file or directory), client: 172.25.0.1, server: _, request: "GET /files HTTP/1.1", host: "localhost"
2023/10/30 21:49:04 [notice] 1#1: signal 3 (SIGQUIT) received, shutting down
2023/10/30 21:49:04 [notice] 34#34: gracefully shutting down
2023/10/30 21:49:04 [notice] 35#35: gracefully shutting down
2023/10/30 21:49:04 [notice] 37#37: gracefully shutting down
2023/10/30 21:49:04 [notice] 37#37: exiting
2023/10/30 21:49:04 [notice] 39#39: gracefully shutting down
2023/10/30 21:49:04 [notice] 36#36: gracefully shutting down
2023/10/30 21:49:04 [notice] 40#40: gracefully shutting down
2023/10/30 21:49:04 [notice] 41#41: gracefully shutting down
2023/10/30 21:49:04 [notice] 41#41: exiting
2023/10/30 21:49:04 [notice] 38#38: gracefully shutting down
2023/10/30 21:49:04 [notice] 34#34: exiting
2023/10/30 21:49:04 [notice] 35#35: exiting
2023/10/30 21:49:04 [notice] 37#37: exit
2023/10/30 21:49:04 [notice] 39#39: exiting
2023/10/30 21:49:04 [notice] 36#36: exiting
2023/10/30 21:49:04 [notice] 40#40: exiting
2023/10/30 21:49:04 [notice] 41#41: exit
2023/10/30 21:49:04 [notice] 38#38: exiting
2023/10/30 21:49:04 [notice] 34#34: exit
2023/10/30 21:49:04 [notice] 35#35: exit
2023/10/30 21:49:04 [notice] 39#39: exit
2023/10/30 21:49:04 [notice] 36#36: exit
2023/10/30 21:49:04 [notice] 40#40: exit
2023/10/30 21:49:04 [notice] 38#38: exit
2023/10/30 21:49:05 [notice] 1#1: signal 17 (SIGCHLD) received from 37
2023/10/30 21:49:05 [notice] 1#1: worker process 37 exited with code 0
2023/10/30 21:49:05 [notice] 1#1: worker process 39 exited with code 0
2023/10/30 21:49:05 [notice] 1#1: signal 29 (SIGIO) received
2023/10/30 21:49:05 [notice] 1#1: signal 17 (SIGCHLD) received from 39
2023/10/30 21:49:05 [notice] 1#1: signal 17 (SIGCHLD) received from 35
2023/10/30 21:49:05 [notice] 1#1: worker process 35 exited with code 0
2023/10/30 21:49:05 [notice] 1#1: worker process 40 exited with code 0
2023/10/30 21:49:05 [notice] 1#1: signal 29 (SIGIO) received
2023/10/30 21:49:05 [notice] 1#1: signal 17 (SIGCHLD) received from 36
2023/10/30 21:49:05 [notice] 1#1: worker process 34 exited with code 0
2023/10/30 21:49:05 [notice] 1#1: worker process 36 exited with code 0
2023/10/30 21:49:05 [notice] 1#1: signal 29 (SIGIO) received
2023/10/30 21:49:05 [notice] 1#1: signal 17 (SIGCHLD) received from 34
2023/10/30 21:49:05 [notice] 1#1: signal 17 (SIGCHLD) received from 38
2023/10/30 21:49:05 [notice] 1#1: worker process 38 exited with code 0
2023/10/30 21:49:05 [notice] 1#1: worker process 41 exited with code 0
2023/10/30 21:49:05 [notice] 1#1: exit
2023/10/30 21:49:28 [notice] 1#1: using the "epoll" event method
2023/10/30 21:49:28 [notice] 1#1: nginx/1.25.2
2023/10/30 21:49:28 [notice] 1#1: built by gcc 12.2.0 (Debian 12.2.0-14) 
2023/10/30 21:49:28 [notice] 1#1: OS: Linux 5.15.90.1-microsoft-standard-WSL2
2023/10/30 21:49:28 [notice] 1#1: getrlimit(RLIMIT_NOFILE): 1048576:1048576
2023/10/30 21:49:28 [notice] 1#1: start worker processes
2023/10/30 21:49:28 [notice] 1#1: start worker process 34
2023/10/30 21:49:28 [notice] 1#1: start worker process 35
2023/10/30 21:49:28 [notice] 1#1: start worker process 36
2023/10/30 21:49:28 [notice] 1#1: start worker process 37
2023/10/30 21:49:28 [notice] 1#1: start worker process 38
2023/10/30 21:49:28 [notice] 1#1: start worker process 39
2023/10/30 21:49:28 [notice] 1#1: start worker process 40
2023/10/30 21:49:28 [notice] 1#1: start worker process 41
2023/10/30 21:51:41 [notice] 1#1: signal 3 (SIGQUIT) received, shutting down
2023/10/30 21:51:41 [notice] 34#34: gracefully shutting down
2023/10/30 21:51:41 [notice] 35#35: gracefully shutting down
2023/10/30 21:51:41 [notice] 37#37: gracefully shutting down
2023/10/30 21:51:41 [notice] 39#39: gracefully shutting down
2023/10/30 21:51:41 [notice] 38#38: gracefully shutting down
2023/10/30 21:51:41 [notice] 36#36: gracefully shutting down
2023/10/30 21:51:41 [notice] 40#40: gracefully shutting down
2023/10/30 21:51:41 [notice] 41#41: gracefully shutting down
2023/10/30 21:51:41 [notice] 34#34: exiting
2023/10/30 21:51:41 [notice] 35#35: exiting
2023/10/30 21:51:41 [notice] 37#37: exiting
2023/10/30 21:51:41 [notice] 39#39: exiting
2023/10/30 21:51:41 [notice] 38#38: exiting
2023/10/30 21:51:41 [notice] 36#36: exiting
2023/10/30 21:51:41 [notice] 40#40: exiting
2023/10/30 21:51:41 [notice] 41#41: exiting
2023/10/30 21:51:41 [notice] 34#34: exit
2023/10/30 21:51:41 [notice] 35#35: exit
2023/10/30 21:51:41 [notice] 37#37: exit
2023/10/30 21:51:41 [notice] 39#39: exit
2023/10/30 21:51:41 [notice] 38#38: exit
2023/10/30 21:51:41 [notice] 36#36: exit
2023/10/30 21:51:41 [notice] 40#40: exit
2023/10/30 21:51:41 [notice] 41#41: exit
2023/10/30 21:51:41 [notice] 1#1: signal 17 (SIGCHLD) received from 41
2023/10/30 21:51:41 [notice] 1#1: worker process 35 exited with code 0
2023/10/30 21:51:41 [notice] 1#1: worker process 37 exited with code 0
2023/10/30 21:51:41 [notice] 1#1: worker process 40 exited with code 0
2023/10/30 21:51:41 [notice] 1#1: worker process 41 exited with code 0
2023/10/30 21:51:41 [notice] 1#1: signal 29 (SIGIO) received
2023/10/30 21:51:41 [notice] 1#1: signal 17 (SIGCHLD) received from 40
2023/10/30 21:51:41 [notice] 1#1: signal 17 (SIGCHLD) received from 36
2023/10/30 21:51:41 [notice] 1#1: worker process 36 exited with code 0
2023/10/30 21:51:41 [notice] 1#1: worker process 39 exited with code 0
2023/10/30 21:51:41 [notice] 1#1: signal 29 (SIGIO) received
2023/10/30 21:51:41 [notice] 1#1: signal 17 (SIGCHLD) received from 38
2023/10/30 21:51:41 [notice] 1#1: worker process 34 exited with code 0
2023/10/30 21:51:41 [notice] 1#1: worker process 38 exited with code 0
2023/10/30 21:51:41 [notice] 1#1: exit
2023/11/18 09:37:33 [emerg] 1#1: host not found in upstream "golang" in /etc/nginx/conf.d/default.conf:10
2023/11/18 09:37:34 [emerg] 1#1: host not found in upstream "golang" in /etc/nginx/conf.d/default.conf:10
2023/11/18 09:37:35 [emerg] 1#1: host not found in upstream "golang" in /etc/nginx/conf.d/default.conf:10
2023/11/18 09:37:36 [emerg] 1#1: host not found in upstream "golang" in /etc/nginx/conf.d/default.conf:10
2023/11/18 09:45:41 [emerg] 1#1: host not found in upstream "golang" in /etc/nginx/conf.d/default.conf:10
2023/11/18 09:45:43 [emerg] 1#1: host not found in upstream "golang" in /etc/nginx/conf.d/default.conf:10
2023/11/18 09:45:45 [emerg] 1#1: host not found in upstream "golang" in /etc/nginx/conf.d/default.conf:10
2023/11/18 09:45:46 [emerg] 1#1: host not found in upstream "golang" in /etc/nginx/conf.d/default.conf:10
2023/11/18 09:45:48 [emerg] 1#1: host not found in upstream "golang" in /etc/nginx/conf.d/default.conf:10
2023/11/18 09:45:50 [emerg] 1#1: host not found in upstream "golang" in /etc/nginx/conf.d/default.conf:10
2023/11/18 09:45:54 [emerg] 1#1: host not found in upstream "golang" in /etc/nginx/conf.d/default.conf:10
2023/11/18 09:46:01 [emerg] 1#1: host not found in upstream "golang" in /etc/nginx/conf.d/default.conf:10
2023/11/18 09:46:14 [emerg] 1#1: host not found in upstream "golang" in /etc/nginx/conf.d/default.conf:10
2023/11/18 09:46:40 [emerg] 1#1: host not found in upstream "golang" in /etc/nginx/conf.d/default.conf:10
2023/11/18 09:47:32 [emerg] 1#1: host not found in upstream "golang" in /etc/nginx/conf.d/default.conf:10
2023/11/18 09:48:33 [emerg] 1#1: host not found in upstream "golang" in /etc/nginx/conf.d/default.conf:10
2023/11/18 09:49:33 [emerg] 1#1: host not found in upstream "golang" in /etc/nginx/conf.d/default.conf:10
2023/11/18 09:50:34 [notice] 1#1: using the "epoll" event method
2023/11/18 09:50:34 [notice] 1#1: nginx/1.25.2
2023/11/18 09:50:34 [notice] 1#1: built by gcc 12.2.0 (Debian 12.2.0-14) 
2023/11/18 09:50:34 [notice] 1#1: OS: Linux 5.15.90.1-microsoft-standard-WSL2
2023/11/18 09:50:34 [notice] 1#1: getrlimit(RLIMIT_NOFILE): 1048576:1048576
2023/11/18 09:50:34 [notice] 1#1: start worker processes
2023/11/18 09:50:34 [notice] 1#1: start worker process 34
2023/11/18 09:50:34 [notice] 1#1: start worker process 35
2023/11/18 09:50:34 [notice] 1#1: start worker process 36
2023/11/18 09:50:34 [notice] 1#1: start worker process 37
2023/11/18 09:50:34 [notice] 1#1: start worker process 38
2023/11/18 09:50:34 [notice] 1#1: start worker process 39
2023/11/18 09:50:34 [notice] 1#1: start worker process 40
2023/11/18 09:50:34 [notice] 1#1: start worker process 41
2023/11/18 09:50:37 [error] 34#34: *1 open() "/usr/share/nginx/html/image.jpg" failed (2: No such file or directory), client: 172.25.0.1, server: _, request: "GET /image.jpg HTTP/1.1", host: "localhost", referrer: "http://localhost/"
2023/11/18 09:50:37 [error] 34#34: *1 open() "/usr/share/nginx/html/favicon.ico" failed (2: No such file or directory), client: 172.25.0.1, server: _, request: "GET /favicon.ico HTTP/1.1", host: "localhost", referrer: "http://localhost/"
2023/11/18 09:51:23 [notice] 1#1: signal 3 (SIGQUIT) received, shutting down
2023/11/18 09:51:23 [notice] 34#34: gracefully shutting down
2023/11/18 09:51:23 [notice] 35#35: gracefully shutting down
2023/11/18 09:51:23 [notice] 36#36: gracefully shutting down
2023/11/18 09:51:23 [notice] 37#37: gracefully shutting down
2023/11/18 09:51:23 [notice] 38#38: gracefully shutting down
2023/11/18 09:51:23 [notice] 41#41: gracefully shutting down
2023/11/18 09:51:23 [notice] 39#39: gracefully shutting down
2023/11/18 09:51:23 [notice] 39#39: exiting
2023/11/18 09:51:23 [notice] 40#40: gracefully shutting down
2023/11/18 09:51:23 [notice] 34#34: exiting
2023/11/18 09:51:23 [notice] 35#35: exiting
2023/11/18 09:51:23 [notice] 35#35: exit
2023/11/18 09:51:23 [notice] 36#36: exiting
2023/11/18 09:51:23 [notice] 37#37: exiting
2023/11/18 09:51:23 [notice] 38#38: exiting
2023/11/18 09:51:23 [notice] 41#41: exiting
2023/11/18 09:51:23 [notice] 39#39: exit
2023/11/18 09:51:23 [notice] 40#40: exiting
2023/11/18 09:51:23 [notice] 34#34: exit
2023/11/18 09:51:23 [notice] 36#36: exit
2023/11/18 09:51:23 [notice] 37#37: exit
2023/11/18 09:51:23 [notice] 38#38: exit
2023/11/18 09:51:23 [notice] 41#41: exit
2023/11/18 09:51:23 [notice] 40#40: exit
2023/11/18 09:51:24 [notice] 1#1: signal 17 (SIGCHLD) received from 34
2023/11/18 09:51:24 [notice] 1#1: worker process 34 exited with code 0
2023/11/18 09:51:24 [notice] 1#1: worker process 35 exited with code 0
2023/11/18 09:51:24 [notice] 1#1: worker process 36 exited with code 0
2023/11/18 09:51:24 [notice] 1#1: worker process 38 exited with code 0
2023/11/18 09:51:24 [notice] 1#1: worker process 39 exited with code 0
2023/11/18 09:51:24 [notice] 1#1: worker process 41 exited with code 0
2023/11/18 09:51:24 [notice] 1#1: signal 29 (SIGIO) received
2023/11/18 09:51:24 [notice] 1#1: signal 17 (SIGCHLD) received from 39
2023/11/18 09:51:24 [notice] 1#1: signal 17 (SIGCHLD) received from 40
2023/11/18 09:51:24 [notice] 1#1: worker process 40 exited with code 0
2023/11/18 09:51:24 [notice] 1#1: signal 29 (SIGIO) received
2023/11/18 09:51:24 [notice] 1#1: signal 17 (SIGCHLD) received from 37
2023/11/18 09:51:24 [notice] 1#1: worker process 37 exited with code 0
2023/11/18 09:51:24 [notice] 1#1: exit
